Determining if the pthread_create exist failed with the following output:
Change Dir: /home/monomania/cartographer_ws/build_isolated/cartographer_ros_msgs/CMakeFiles/CMakeTmp

Run Build Command:"/usr/bin/ninja" "cmTC_5cede"
[1/2] Building C object CMakeFiles/cmTC_5cede.dir/CheckSymbolExists.c.o
[2/2] Linking C executable cmTC_5cede
FAILED: cmTC_5cede 
: && /usr/bin/cc   -rdynamic CMakeFiles/cmTC_5cede.dir/CheckSymbolExists.c.o  -o cmTC_5cede   && :
CMakeFiles/cmTC_5cede.dir/CheckSymbolExists.c.o：在函数‘main’中：
CheckSymbolExists.c:(.text+0x1b)：对‘pthread_create’未定义的引用
collect2: error: ld returned 1 exit status
ninja: build stopped: subcommand failed.

File /home/monomania/cartographer_ws/build_isolated/cartographer_ros_msgs/CMakeFiles/CMakeTmp/CheckSymbolExists.c:
/* */
#include <pthread.h>

int main(int argc, char** argv)
{
  (void)argv;
#ifndef pthread_create
  return ((int*)(&pthread_create))[argc];
#else
  (void)argc;
  return 0;
#endif
}

Determining if the function pthread_create exists in the pthreads failed with the following output:
Change Dir: /home/monomania/cartographer_ws/build_isolated/cartographer_ros_msgs/CMakeFiles/CMakeTmp

Run Build Command:"/usr/bin/ninja" "cmTC_53cfc"
[1/2] Building C object CMakeFiles/cmTC_53cfc.dir/CheckFunctionExists.c.o
[2/2] Linking C executable cmTC_53cfc
FAILED: cmTC_53cfc 
: && /usr/bin/cc -DCHECK_FUNCTION_EXISTS=pthread_create  -rdynamic CMakeFiles/cmTC_53cfc.dir/CheckFunctionExists.c.o  -o cmTC_53cfc  -lpthreads && :
/usr/bin/ld: 找不到 -lpthreads
collect2: error: ld returned 1 exit status
ninja: build stopped: subcommand failed.


