Determining if the pthread_create exist failed with the following output:
Change Dir: /home/monomania/cartographer_ws/build_isolated/cartographer/install/CMakeFiles/CMakeTmp

Run Build Command:"/usr/bin/ninja" "cmTC_f811c"
[1/2] Building C object CMakeFiles/cmTC_f811c.dir/CheckSymbolExists.c.o
[2/2] Linking C executable cmTC_f811c
FAILED: cmTC_f811c 
: && /usr/bin/cc   -rdynamic CMakeFiles/cmTC_f811c.dir/CheckSymbolExists.c.o  -o cmTC_f811c   && :
CMakeFiles/cmTC_f811c.dir/CheckSymbolExists.c.o：在函数‘main’中：
CheckSymbolExists.c:(.text+0x1b)：对‘pthread_create’未定义的引用
collect2: error: ld returned 1 exit status
ninja: build stopped: subcommand failed.

File /home/monomania/cartographer_ws/build_isolated/cartographer/install/CMakeFiles/CMakeTmp/CheckSymbolExists.c:
/* */
#include <pthread.h>

int main(int argc, char** argv)
{
  (void)argv;
#ifndef pthread_create
  return ((int*)(&pthread_create))[argc];
#else
  (void)argc;
  return 0;
#endif
}

Determining if the function pthread_create exists in the pthreads failed with the following output:
Change Dir: /home/monomania/cartographer_ws/build_isolated/cartographer/install/CMakeFiles/CMakeTmp

Run Build Command:"/usr/bin/ninja" "cmTC_bb52e"
[1/2] Building C object CMakeFiles/cmTC_bb52e.dir/CheckFunctionExists.c.o
[2/2] Linking C executable cmTC_bb52e
FAILED: cmTC_bb52e 
: && /usr/bin/cc -DCHECK_FUNCTION_EXISTS=pthread_create  -rdynamic CMakeFiles/cmTC_bb52e.dir/CheckFunctionExists.c.o  -o cmTC_bb52e  -lpthreads && :
/usr/bin/ld: 找不到 -lpthreads
collect2: error: ld returned 1 exit status
ninja: build stopped: subcommand failed.


