Determining if the pthread_create exist failed with the following output:
Change Dir: /home/monomania/cartographer_ws/build_isolated/cartographer_rviz/CMakeFiles/CMakeTmp

Run Build Command:"/usr/bin/ninja" "cmTC_49119"
[1/2] Building C object CMakeFiles/cmTC_49119.dir/CheckSymbolExists.c.o
[2/2] Linking C executable cmTC_49119
FAILED: cmTC_49119 
: && /usr/bin/cc   -rdynamic CMakeFiles/cmTC_49119.dir/CheckSymbolExists.c.o  -o cmTC_49119   && :
CMakeFiles/cmTC_49119.dir/CheckSymbolExists.c.o：在函数‘main’中：
CheckSymbolExists.c:(.text+0x1b)：对‘pthread_create’未定义的引用
collect2: error: ld returned 1 exit status
ninja: build stopped: subcommand failed.

File /home/monomania/cartographer_ws/build_isolated/cartographer_rviz/CMakeFiles/CMakeTmp/CheckSymbolExists.c:
/* */
#include <pthread.h>

int main(int argc, char** argv)
{
  (void)argv;
#ifndef pthread_create
  return ((int*)(&pthread_create))[argc];
#else
  (void)argc;
  return 0;
#endif
}

Determining if the function pthread_create exists in the pthreads failed with the following output:
Change Dir: /home/monomania/cartographer_ws/build_isolated/cartographer_rviz/CMakeFiles/CMakeTmp

Run Build Command:"/usr/bin/ninja" "cmTC_dace4"
[1/2] Building C object CMakeFiles/cmTC_dace4.dir/CheckFunctionExists.c.o
[2/2] Linking C executable cmTC_dace4
FAILED: cmTC_dace4 
: && /usr/bin/cc -DCHECK_FUNCTION_EXISTS=pthread_create  -rdynamic CMakeFiles/cmTC_dace4.dir/CheckFunctionExists.c.o  -o cmTC_dace4  -lpthreads && :
/usr/bin/ld: 找不到 -lpthreads
collect2: error: ld returned 1 exit status
ninja: build stopped: subcommand failed.


